ECHO ist ausgeschaltet (OFF).
. 
"starting database creation 10:37:29,11" 
. 
"try dropping database" 
Der Datenbankkontext wurde in 'master' geÑndert.
FÅr nicht gekennzeichnete Transaktionen wird ein Rollback ausgefÅhrt. Bereits abgeschlossen (geschÑtzt): 0%.
FÅr nicht gekennzeichnete Transaktionen wird ein Rollback ausgefÅhrt. Bereits abgeschlossen (geschÑtzt): 100%.
 
 
"try creating database" 
Der Datenbankkontext wurde in 'master' geÑndert.
 
 
"try creating tables" 
Der Datenbankkontext wurde in 'innovation4austria' geÑndert.
 
 
"try creating primary keys" 
Der Datenbankkontext wurde in 'innovation4austria' geÑndert.
 
 
"try creating foreign keys" 
Der Datenbankkontext wurde in 'innovation4austria' geÑndert.
 
 
"try inserting values" 
Der Datenbankkontext wurde in 'innovation4austria' geÑndert.

(1 Zeilen betroffen)
 
 
"create login" 
Der Datenbankkontext wurde in 'innovation4austria' geÑndert.
Meldung '15025', Ebene '16', Status '1', Server 'LAPTOP\SQLEXPRESS', Zeile 6
'Der Serverprinzipal 'i4a_User' ist bereits vorhanden.'
Der Datenbankkontext wurde in 'innovation4austria' geÑndert.
Meldung '15410', Ebene '11', Status '1', Server 'LAPTOP\SQLEXPRESS', Prozedur 'sp_addrolemember', Zeile 35
'Der Benutzer oder die Rolle 'innovation4austria' ist in dieser Datenbank nicht vorhanden.'
 
 
"try inserting icons" 
Der Datenbankkontext wurde in 'innovation4austria' geÑndert.

(1 Zeilen betroffen)
id          facilityName                                                                                         orderNumber facilityImage                                                                                                                                                                                                                                                                                                                                                                                                                                                                                                                      facilityImageActive                                                                                                                                                                                                                                                                                                                                                                                                                                                                                                                active
----------- ---------------------------------------------------------------------------------------------------- ----------- ---------------------------------------------------------------------------------------------------------------------------------------------------------------------------------------------------------------------------------------------------------------------------------------------------------------------------------------------------------------------------------------------------------------------------------------------------------------------------------------------------------------------------------- ---------------------------------------------------------------------------------------------------------------------------------------------------------------------------------------------------------------------------------------------------------------------------------------------------------------------------------------------------------------------------------------------------------------------------------------------------------------------------------------------------------------------------------- ------
          1 Computer                                                                                                       1 0x89504E470D0A1A0A0000000D4948445200000040000000400806000000AA6971DE0000000467414D410000B18F0BFC6105000000206348524D00007A26000080840000FA00000080E8000075300000EA6000003A98000017709CBA513C000000097048597300000EC300000EC301C76FA8640000000774494D4507E1021C092E392A10636B0000001974455874536F667477617265007061696E742E6E657420342E302E313334035B7A0000022B49444154785EED9BA15202511885EF8CC16820180D041F8060301808061FC360F00188061F816024100C4683D1E00310890CD9E803E87FD865062E1FC8E080BB07BE99133CBB77DDEFEEB2ECEC2C29E324D2 0x89504E470D0A1A0A0000000D4948445200000040000000400806000000AA6971DE0000000467414D410000B18F0BFC6105000000206348524D00007A26000080840000FA00000080E8000075300000EA6000003A98000017709CBA513C000000097048597300000EC300000EC301C76FA8640000000774494D4507E1021C092E392A10636B0000001974455874536F667477617265007061696E742E6E657420342E302E313334035B7A0000022D49444154785EED9BA15202511885EF8CC16820180D041F8060301808061FC360F001681A7C0482914030180D8EC9E00310893C80D162D3FFB0CB0C5C3E90C101770F7E33277876EFBADFDD65D9D95952C641      1
          2 Bestuhlung (Sessel)                                                                                            2 0x89504E470D0A1A0A0000000D4948445200000040000000400806000000AA6971DE0000000467414D410000B18F0BFC6105000000206348524D00007A26000080840000FA00000080E8000075300000EA6000003A98000017709CBA513C000000097048597300000EC300000EC301C76FA8640000000774494D4507E1021C092D3A983461120000001974455874536F667477617265007061696E742E6E657420342E302E313334035B7A0000026149444154785EDD9A516EE3300C4403F4A3F73F624ED23ACE0460E8B14CDA2229F901F35169480E5BECC275FAB831BFCFE7F3AF25F8EE075B9669B1FEBE2B6E045BB42594DD03B6E04BB85E69DD4D8D5EACB5 0x89504E470D0A1A0A0000000D4948445200000040000000400806000000AA6971DE0000000467414D410000B18F0BFC6105000000206348524D00007A26000080840000FA00000080E8000075300000EA6000003A98000017709CBA513C000000097048597300000EC300000EC301C76FA8640000000774494D4507E1021C092D3A983461120000001974455874536F667477617265007061696E742E6E657420342E302E313334035B7A0000026349444154785EDD9A416EEB300C440374915BF75EBD5977ADE34C00861ECBA42D92521E308B4A4372D8E27FB84E6F1FCCFDFBE7F7AF25F83E0FB62CD362BD3F2B3E08B6684B28FB0CD8820FE17AA57537357A      1
          3 Bestuhlung (Couch)                                                                                             3 0x89504E470D0A1A0A0000000D4948445200000040000000400806000000AA6971DE000000017352474200AECE1CE90000000467414D410000B18F0BFC6105000000097048597300000EC300000EC301C76FA8640000001974455874536F667477617265007061696E742E6E657420342E302E313334035B7A000002B649444154785EED9A615203210C855BB5EA7D7A80FEED057A855EA367ED4994B0C4C6F4C1126A5760D9996F569E2410169EDDA91BBA4EA7D3ABBB6D89F0F35AB4A971381CDE4870F74FBAEFF7FBDD4A34BA4FAB233B106BD11CCF4B5EBBE6E1F3901BD493C69EB0B10475A6C54D3011D493364CD0F1BCE4B56B9E6182EEB20475A60D1374 0x89504E470D0A1A0A0000000D4948445200000040000000400806000000AA6971DE000000017352474200AECE1CE90000000467414D410000B18F0BFC6105000000097048597300000EC300000EC301C76FA8640000001974455874536F667477617265007061696E742E6E657420342E302E313334035B7A000002B949444154785EED9A5D5603210C85EB4FD5FD74017DED06BA852EC3AECB9DF9A68421364D2F0C413B02C39CF39D912B0984816BE7D40D5DC7E3F1C9DD1E88F0F35AB4A9B1DFEF9F4970F737BAEF76BBED4A34BA4FAB233B106BD11CF74B5EBBE6E1F3901BD493C69EB0B10475A6C54D3011D493364CD071BFE4B56B9E6182EEB20475A60D      1
          4 Tisch                                                                                                          4 0x89504E470D0A1A0A0000000D4948445200000080000000800806000000C33E61CB000000017352474200AECE1CE90000000467414D410000B18F0BFC6105000000097048597300000EC300000EC301C76FA8640000001974455874536F667477617265007061696E742E6E657420342E302E313334035B7A0000063649444154785EED9D41721CD71105493924EB16DC70852DEF7F189EC4C698F91463FC04A70B6890BF3A2A2372E5FCD55351612F2C51FA341CE7FBF7EFFF794D92E18AD8C15F9327C355B0233F92A74377ECB847E4F9D0983FECB047FDF2E5CBDFCC193A61C77CAB8C1C76C78E77868C1F76C58E76A67C66D8093BD447C927879DB0437D84 0x89504E470D0A1A0A0000000D4948445200000080000000800806000000C33E61CB000000017352474200AECE1CE90000000467414D410000B18F0BFC6105000000097048597300000EC300000EC301C76FA8640000001974455874536F667477617265007061696E742E6E657420342E302E313334035B7A0000063949444154785EED9D41721CD7110549392CF916DC70852DEFE77BF966DAD918339F62849FE074010DF257476544AE9CBF7A2A2AEC85254A9F86E3FCFB3F7FFEF73549862B62077F4D9E0C57C18EFC489E0EDDB1E31E91E743637EB3C31EF5CB972FFF62CED0093BE65B65E4B03B76BC3364FCB02B76B433E533C34ED8A13E4A3E39EC841D      1
          5 WLAN                                                                                                           5 0x89504E470D0A1A0A0000000D4948445200000040000000400806000000AA6971DE0000000467414D410000B18F0BFC6105000000206348524D00007A26000080840000FA00000080E8000075300000EA6000003A98000017709CBA513C000000097048597300000EC300000EC301C76FA8640000000774494D4507E1021C092F1476D40E5F0000001974455874536F667477617265007061696E742E6E657420342E302E313334035B7A0000050F49444154785EED994D8895751487C73EC46C201DA96C5148128E8130818BE883346817B430B245989110056DDA54140551817D6CD245B32AA30F893661942DAD5529164A8B4083A948340417E2B69E47CF0C 0x89504E470D0A1A0A0000000D4948445200000040000000400806000000AA6971DE0000000467414D410000B18F0BFC6105000000206348524D00007A26000080840000FA00000080E8000075300000EA6000003A98000017709CBA513C000000097048597300000EC300000EC301C76FA8640000000774494D4507E1021C092F1476D40E5F0000001974455874536F667477617265007061696E742E6E657420342E302E313334035B7A0000051049444154785EED994D88557518C6C73EC46C201D296D5148128E8230818BB0440DDA052D8C6C11662444811B37168A4194601F1B75E1ACCAE843A24D18A54B6B558A85D222D0C08A44437021E22E7F8F3E33      1
          6 Klima-Anlage                                                                                                   6 0x89504E470D0A1A0A0000000D4948445200000040000000400806000000AA6971DE000000017352474200AECE1CE90000000467414D410000B18F0BFC6105000000097048597300000EC300000EC301C76FA8640000001974455874536F667477617265007061696E742E6E657420342E302E313334035B7A0000020649444154785EED9A4B72C3201044BDC8C28B2C7CFFDBE924B1DAB462091A24D0AF807955AF62D38099B194722A7E288661F86B519697E4472D6C49D4E84A0DF9550B5A14B5BA92BF34FFCEFBA26657FA889AD0835D173F690D50833DD94C034A6F676B801AACC1B1DEA7F77C518B9FC7ACB20163712F140C66638BC7607A9EB2CA064C8E 0x89504E470D0A1A0A0000000D4948445200000040000000400806000000AA6971DE000000017352474200AECE1CE90000000467414D410000B18F0BFC6105000000097048597300000EC300000EC301C76FA8640000001974455874536F667477617265007061696E742E6E657420342E302E313334035B7A0000020849444154785EED9A4B72C3201044B5C8C28B2C7CE2DC2B37CB2E519B562C418304FA1530AFEA556C1A303396524EC583E2EBFBE7B745595E920FB5B02551A32B35E4532D6851D4EA4A7ED3FC3BEF8B9A5DE9236A420F765DFCA435400DF664330D28BD9DAD016AB006C77A1FDEF3452D7E1EB3CA068CC53D5130988D2D1E83E979CA2A1B      1
          7 Beamer                                                                                                         7 0x89504E470D0A1A0A0000000D4948445200000040000000400806000000AA6971DE000000017352474200AECE1CE90000000467414D410000B18F0BFC6105000000097048597300000EC300000EC301C76FA8640000001974455874536F667477617265007061696E742E6E657420342E302E313334035B7A000002B949444154785EED99FD6DDB3010C59DB47BB96967F020DEC069FB4757F1146ED3190C18FEF6242D9F742A44EA89A46845A5AC7BC00F08A8237977148F543C53A9542A954AA552A9542A954AA59ABC6EB7DBCAB031FC793010D34AC26CEA72B97C723A3C2C8855C22E35A5E02BAC2430832950058F3D4F0D26C06A6CAB5F1432B0DBEDBE54 0x89504E470D0A1A0A0000000D4948445200000040000000400806000000AA6971DE000000017352474200AECE1CE90000000467414D410000B18F0BFC6105000000097048597300000EC300000EC301C76FA8640000001974455874536F667477617265007061696E742E6E657420342E302E313334035B7A000002C849444154785EED995F8ED33010C6DB857B95C2197A905E00ED2E3C70951E8127603943A5AAFF7B0BDEC05F3AAE9CE4733C494AE5B4F3493F6965CFD83363C74EB62393C96432994C2693C96432994CA687D7E9747A76FCF8FCFDCFDF7B0239213749B3AEC3E1F08139DE23C855D23EEB9192F7948AC00C1E8122793C17ACF31128CE04D6      1

(7 Zeilen betroffen)
 
 
. 
"stopping database creation 10:37:34,82" 
. 
